<?xml version="1.0" encoding="UTF-8"?>
<testsuites name="TS001-Address Book" time="264.417" tests="3" failures="0" errors="0">
   <testsuite name="TS001-Address Book" tests="3" failures="0" errors="0" time="264.417" skipped="0" timestamp="09-02-2025T22:47:37" hostname="FPT SHOP - LAPTOP-KSFR9P2B" id="Test Suites/COOLMATE-005/TS001-Address Book">
      <properties>
         <property name="deviceName" value=""/>
         <property name="devicePlatform"/>
         <property name="logFolder" value="C:\\Users\\BaoNguyen\\OneDrive\\M\u00E1y t\u00EDnh\\Draft Repo On Github\\Draft\\Katalon Projects\\Coolmate Test\\Reports\\20250209_224729\\COOLMATE-005\\TS001-Address Book\\20250209_224729"/>
         <property name="logFiles" value="C:\\Users\\BaoNguyen\\OneDrive\\M\u00E1y t\u00EDnh\\Draft Repo On Github\\Draft\\Katalon Projects\\Coolmate Test\\Reports\\20250209_224729\\COOLMATE-005\\TS001-Address Book\\20250209_224729\\execution0.log"/>
         <property name="attachments" value="C:\Users\BaoNguyen\OneDrive\Máy tính\Draft Repo On Github\Draft\Katalon Projects\Coolmate Test\Screenshots\Test Suites\COOLMATE-005\TS001-Address Book\TC001\add_address_successfully_09022025 224851.png, C:\Users\BaoNguyen\OneDrive\Máy tính\Draft Repo On Github\Draft\Katalon Projects\Coolmate Test\Screenshots\Test Suites\COOLMATE-005\TS001-Address Book\TC002\update_address_successfully_09022025 225004.png, C:\Users\BaoNguyen\OneDrive\Máy tính\Draft Repo On Github\Draft\Katalon Projects\Coolmate Test\Screenshots\Test Suites\COOLMATE-005\TS001-Address Book\TC003\delete_address_successfully_09022025 225201.png"/>
         <property name="hostName" value="FPT SHOP - LAPTOP-KSFR9P2B"/>
         <property name="os" value="Windows 11 64bit"/>
         <property name="katalonVersion" value="10.0.0.223"/>
         <property name="browser" value="Chrome 132.0.0.0"/>
         <property name="hostAddress" value="192.168.1.6"/>
         <property name="sessionId" value="30096818b39110fc6dbfeffe831b1c26"/>
         <property name="seleniumVersion" value="4.22.0"/>
         <property name="proxyInformation" value="ProxyInformation { proxyOption=NO_PROXY, proxyServerType=HTTP, username=, password=********, proxyServerAddress=, proxyServerPort=0, executionList=&quot;&quot;, isApplyToDesiredCapabilities=true }"/>
         <property name="platform" value="Windows 11"/>
      </properties>
      <testcase name="Test Cases/COOLMATE-005/TC001-Add new address and set default" time="75.611" classname="Test Cases/COOLMATE-005/TC001-Add new address and set default" status="PASSED">
         <system-out><![CDATA[09-02-2025T22:47:38 - [TEST_CASE][PASSED] - Test Cases/COOLMATE-005/TC001-Add new address and set default: Test Cases/COOLMATE-005/TC001-Add new address and set default

09-02-2025T22:47:38 - [TEST_STEP][PASSED] - Start listener action : beforeTestCase: null

09-02-2025T22:47:38 - [TEST_STEP][PASSED] - testCaseName = split("/").last(): null

09-02-2025T22:47:38 - [TEST_STEP][PASSED] - Start setup action : setupTestCase: Method 'setupTestCase' complete successfully

09-02-2025T22:47:38 - [TEST_STEP][PASSED] - common.UtilKeyword.openURLAndAuthenticate(username_bao, password_bao): common.UtilKeyword.openURLAndAuthenticate is PASSED

09-02-2025T22:47:45 - [MESSAGE][PASSED] - Wait for page load successfully

09-02-2025T22:47:45 - [MESSAGE][PASSED] - Current window maximized

09-02-2025T22:47:48 - [MESSAGE][PASSED] - Delayed 3 second(s)

09-02-2025T22:47:55 - [MESSAGE][INFO] - Unable to find the element located by 'By.xpath: //*[contains(@class,"popup")]/div//button'. Please recheck the objects properties to make sure the desired element is located. 

09-02-2025T22:47:55 - [MESSAGE][WARNING] - Web element with id: 'Object Repository/pages/home_page/ads_close_button' located by '//*[contains(@class,"popup")]/div//button' not found

09-02-2025T22:47:56 - [MESSAGE][PASSED] - Object: 'Object Repository/common/icon/user_icon' is clicked on

09-02-2025T22:47:58 - [MESSAGE][PASSED] - Delayed 2 second(s)

09-02-2025T22:47:58 - [MESSAGE][PASSED] - Keys 'baob2012178@student.ctu.edu.vn' sent to object: 'Object Repository/common/div/div_id_with_input_name'

09-02-2025T22:48:00 - [MESSAGE][PASSED] - Delayed 2 second(s)

09-02-2025T22:48:00 - [MESSAGE][PASSED] - Text ****** has been set on object 'Object Repository/common/div/div_id_with_input_name'

09-02-2025T22:48:02 - [MESSAGE][PASSED] - Delayed 2 second(s)

09-02-2025T22:48:02 - [MESSAGE][PASSED] - Object: 'Object Repository/common/button/button_class' is clicked on

09-02-2025T22:48:03 - [MESSAGE][PASSED] - Wait for page load successfully

09-02-2025T22:48:05 - [MESSAGE][PASSED] - Delayed 2 second(s)

09-02-2025T22:48:05 - [MESSAGE][PASSED] - Object 'Object Repository/component/close_popup_button' is visible

09-02-2025T22:48:07 - [MESSAGE][PASSED] - Delayed 2 second(s)

09-02-2025T22:48:07 - [MESSAGE][PASSED] - Object: 'Object Repository/component/close_popup_button' is clicked on

09-02-2025T22:48:09 - [MESSAGE][PASSED] - Delayed 2 second(s)

09-02-2025T22:48:20 - [MESSAGE][WARNING] - Object 'Object Repository/pages/home_page/ads_close_button' is not visible after 10 second(s)

09-02-2025T22:48:30 - [MESSAGE][WARNING] - Object 'Object Repository/component/close_popup_button' is not visible after 10 second(s)

09-02-2025T22:48:30 - [MESSAGE][PASSED] - common.UtilKeyword.openURLAndAuthenticate is PASSED

09-02-2025T22:48:30 - [MESSAGE][PASSED] - Method 'setupTestCase' complete successfully

09-02-2025T22:48:30 - [TEST_STEP][PASSED] - enhancedClick(findTestObject("Object Repository/common/icon/user_icon")): Object: 'Object Repository/common/icon/user_icon' is clicked on

09-02-2025T22:48:30 - [MESSAGE][PASSED] - Object: 'Object Repository/common/icon/user_icon' is clicked on

09-02-2025T22:48:30 - [TEST_STEP][PASSED] - delay(2): Delayed 2 second(s)

09-02-2025T22:48:32 - [MESSAGE][PASSED] - Delayed 2 second(s)

09-02-2025T22:48:32 - [TEST_STEP][PASSED] - verifyElementPresent(findTestObject("Object Repository/pages/home_page/go_to_account"), 10): Object 'Object Repository/pages/home_page/go_to_account' is present

09-02-2025T22:48:33 - [MESSAGE][PASSED] - Object 'Object Repository/pages/home_page/go_to_account' is present

09-02-2025T22:48:33 - [TEST_STEP][PASSED] - click(findTestObject("Object Repository/pages/home_page/go_to_account")): Object: 'Object Repository/pages/home_page/go_to_account' is clicked on

09-02-2025T22:48:34 - [MESSAGE][PASSED] - Object: 'Object Repository/pages/home_page/go_to_account' is clicked on

09-02-2025T22:48:34 - [TEST_STEP][PASSED] - common.UtilKeyword.waitForPageLoadAndDelay(20, 3): common.UtilKeyword.waitForPageLoadAndDelay is PASSED

09-02-2025T22:48:34 - [MESSAGE][PASSED] - Wait for page load successfully

09-02-2025T22:48:37 - [MESSAGE][PASSED] - Delayed 3 second(s)

09-02-2025T22:48:37 - [MESSAGE][PASSED] - common.UtilKeyword.waitForPageLoadAndDelay is PASSED

09-02-2025T22:48:37 - [TEST_STEP][PASSED] - scrollToElement(findTestObject("Object Repository/common/a/a_text", ["text":"Thông tin tài khoản"]), 10): Scroll to object 'Object Repository/common/a/a_text' successfully

09-02-2025T22:48:37 - [MESSAGE][PASSED] - Scroll to object 'Object Repository/common/a/a_text' successfully

09-02-2025T22:48:37 - [TEST_STEP][PASSED] - delay(2): Delayed 2 second(s)

09-02-2025T22:48:39 - [MESSAGE][PASSED] - Delayed 2 second(s)

09-02-2025T22:48:39 - [TEST_STEP][PASSED] - click(findTestObject("Object Repository/common/a/a_text", ["text":"Sổ địa chỉ"])): Object: 'Object Repository/common/a/a_text' is clicked on

09-02-2025T22:48:39 - [MESSAGE][PASSED] - Object: 'Object Repository/common/a/a_text' is clicked on

09-02-2025T22:48:39 - [TEST_STEP][PASSED] - delay(2): Delayed 2 second(s)

09-02-2025T22:48:41 - [MESSAGE][PASSED] - Delayed 2 second(s)

09-02-2025T22:48:41 - [TEST_STEP][PASSED] - scrollToElement(findTestObject("Object Repository/common/button/button_contains_text", ["text":"thêm địa chỉ mới"]), 10): Scroll to object 'Object Repository/common/button/button_contains_text' successfully

09-02-2025T22:48:42 - [MESSAGE][PASSED] - Scroll to object 'Object Repository/common/button/button_contains_text' successfully

09-02-2025T22:48:42 - [TEST_STEP][PASSED] - click(findTestObject("Object Repository/common/button/button_contains_text", ["text":"thêm địa chỉ mới"])): Object: 'Object Repository/common/button/button_contains_text' is clicked on

09-02-2025T22:48:42 - [MESSAGE][PASSED] - Object: 'Object Repository/common/button/button_contains_text' is clicked on

09-02-2025T22:48:42 - [TEST_STEP][PASSED] - waitForElementVisible(findTestObject("Object Repository/common/div/div_class", ["class":"address-book-form"]), 10): Object 'Object Repository/common/div/div_class' is visible

09-02-2025T22:48:42 - [MESSAGE][PASSED] - Object 'Object Repository/common/div/div_class' is visible

09-02-2025T22:48:42 - [TEST_STEP][PASSED] - setText(findTestObject("Object Repository/common/input/input_name", ["name":"address"]), suggestedAddress): Text 'Phường Đa Kao' is set on object 'Object Repository/common/input/input_name'

09-02-2025T22:48:42 - [MESSAGE][PASSED] - Text 'Phường Đa Kao' is set on object 'Object Repository/common/input/input_name'

09-02-2025T22:48:42 - [TEST_STEP][PASSED] - delay(5): Delayed 5 second(s)

09-02-2025T22:48:47 - [MESSAGE][PASSED] - Delayed 5 second(s)

09-02-2025T22:48:47 - [TEST_STEP][PASSED] - click(findTestObject("Object Repository/common/div/div_text", ["text":address])): Object: 'Object Repository/common/div/div_text' is clicked on

09-02-2025T22:48:47 - [MESSAGE][PASSED] - Object: 'Object Repository/common/div/div_text' is clicked on

09-02-2025T22:48:47 - [TEST_STEP][PASSED] - delay(3): Delayed 3 second(s)

09-02-2025T22:48:50 - [MESSAGE][PASSED] - Delayed 3 second(s)

09-02-2025T22:48:50 - [TEST_STEP][PASSED] - click(findTestObject("Object Repository/common/span/span_contains_text", ["text":"Thêm"])): Object: 'Object Repository/common/span/span_contains_text' is clicked on

09-02-2025T22:48:51 - [MESSAGE][PASSED] - Object: 'Object Repository/common/span/span_contains_text' is clicked on

09-02-2025T22:48:51 - [TEST_STEP][PASSED] - common.UtilKeyword.handleToastMessage("Lưu địa chỉ thành công!", 10): common.UtilKeyword.handleToastMessage is PASSED

09-02-2025T22:48:51 - [MESSAGE][PASSED] - Object 'Object Repository/common/div/div_class_contains_class' is visible

09-02-2025T22:48:51 - [MESSAGE][PASSED] - Text of object 'Object Repository/common/div/div_class_contains_class' is: 'Lưu địa chỉ thành công!'

09-02-2025T22:48:51 - [MESSAGE][INFO] - Hanlde Toast Message successfully: Lưu địa chỉ thành công!

09-02-2025T22:48:51 - [MESSAGE][PASSED] - common.UtilKeyword.handleToastMessage is PASSED

09-02-2025T22:48:51 - [TEST_STEP][PASSED] - common.UtilKeyword.takeScreenShot("add_address_successfully"): common.UtilKeyword.takeScreenShot is PASSED

09-02-2025T22:48:51 - [MESSAGE][PASSED] - Taking screenshot successfully
[[ATTACHMENT|C:\Users\BaoNguyen\OneDrive\Máy tính\Draft Repo On Github\Draft\Katalon Projects\Coolmate Test\Screenshots\Test Suites\COOLMATE-005\TS001-Address Book\TC001\add_address_successfully_09022025 224851.png]]

09-02-2025T22:48:51 - [MESSAGE][PASSED] - common.UtilKeyword.takeScreenShot is PASSED

09-02-2025T22:48:51 - [TEST_STEP][PASSED] - closeBrowser(): Browser is closed

09-02-2025T22:48:53 - [MESSAGE][PASSED] - Browser is closed]]></system-out>
         <system-err><![CDATA[]]></system-err>
      </testcase>
      <testcase name="Test Cases/COOLMATE-005/TC002-Update address" time="72.32" classname="Test Cases/COOLMATE-005/TC002-Update address" status="PASSED">
         <system-out><![CDATA[09-02-2025T22:48:53 - [TEST_CASE][PASSED] - Test Cases/COOLMATE-005/TC002-Update address: Test Cases/COOLMATE-005/TC002-Update address

09-02-2025T22:48:53 - [TEST_STEP][PASSED] - Start listener action : beforeTestCase: null

09-02-2025T22:48:53 - [TEST_STEP][PASSED] - testCaseName = split("/").last(): null

09-02-2025T22:48:53 - [TEST_STEP][PASSED] - Start setup action : setupTestCase: Method 'setupTestCase' complete successfully

09-02-2025T22:48:53 - [TEST_STEP][PASSED] - common.UtilKeyword.openURLAndAuthenticate(username_bao, password_bao): common.UtilKeyword.openURLAndAuthenticate is PASSED

09-02-2025T22:48:59 - [MESSAGE][PASSED] - Wait for page load successfully

09-02-2025T22:49:00 - [MESSAGE][PASSED] - Current window maximized

09-02-2025T22:49:03 - [MESSAGE][PASSED] - Delayed 3 second(s)

09-02-2025T22:49:09 - [MESSAGE][INFO] - Unable to find the element located by 'By.xpath: //*[contains(@class,"popup")]/div//button'. Please recheck the objects properties to make sure the desired element is located. 

09-02-2025T22:49:09 - [MESSAGE][WARNING] - Web element with id: 'Object Repository/pages/home_page/ads_close_button' located by '//*[contains(@class,"popup")]/div//button' not found

09-02-2025T22:49:09 - [MESSAGE][PASSED] - Object: 'Object Repository/common/icon/user_icon' is clicked on

09-02-2025T22:49:11 - [MESSAGE][PASSED] - Delayed 2 second(s)

09-02-2025T22:49:11 - [MESSAGE][PASSED] - Keys 'baob2012178@student.ctu.edu.vn' sent to object: 'Object Repository/common/div/div_id_with_input_name'

09-02-2025T22:49:13 - [MESSAGE][PASSED] - Delayed 2 second(s)

09-02-2025T22:49:14 - [MESSAGE][PASSED] - Text ****** has been set on object 'Object Repository/common/div/div_id_with_input_name'

09-02-2025T22:49:16 - [MESSAGE][PASSED] - Delayed 2 second(s)

09-02-2025T22:49:16 - [MESSAGE][PASSED] - Object: 'Object Repository/common/button/button_class' is clicked on

09-02-2025T22:49:16 - [MESSAGE][PASSED] - Wait for page load successfully

09-02-2025T22:49:18 - [MESSAGE][PASSED] - Delayed 2 second(s)

09-02-2025T22:49:19 - [MESSAGE][PASSED] - Object 'Object Repository/component/close_popup_button' is visible

09-02-2025T22:49:21 - [MESSAGE][PASSED] - Delayed 2 second(s)

09-02-2025T22:49:21 - [MESSAGE][PASSED] - Object: 'Object Repository/component/close_popup_button' is clicked on

09-02-2025T22:49:23 - [MESSAGE][PASSED] - Delayed 2 second(s)

09-02-2025T22:49:33 - [MESSAGE][WARNING] - Object 'Object Repository/pages/home_page/ads_close_button' is not visible after 10 second(s)

09-02-2025T22:49:44 - [MESSAGE][WARNING] - Object 'Object Repository/component/close_popup_button' is not visible after 10 second(s)

09-02-2025T22:49:44 - [MESSAGE][PASSED] - common.UtilKeyword.openURLAndAuthenticate is PASSED

09-02-2025T22:49:44 - [MESSAGE][PASSED] - Method 'setupTestCase' complete successfully

09-02-2025T22:49:44 - [TEST_STEP][PASSED] - enhancedClick(findTestObject("Object Repository/common/icon/user_icon")): Object: 'Object Repository/common/icon/user_icon' is clicked on

09-02-2025T22:49:44 - [MESSAGE][PASSED] - Object: 'Object Repository/common/icon/user_icon' is clicked on

09-02-2025T22:49:44 - [TEST_STEP][PASSED] - delay(2): Delayed 2 second(s)

09-02-2025T22:49:46 - [MESSAGE][PASSED] - Delayed 2 second(s)

09-02-2025T22:49:46 - [TEST_STEP][PASSED] - verifyElementPresent(findTestObject("Object Repository/pages/home_page/go_to_account"), 10): Object 'Object Repository/pages/home_page/go_to_account' is present

09-02-2025T22:49:46 - [MESSAGE][PASSED] - Object 'Object Repository/pages/home_page/go_to_account' is present

09-02-2025T22:49:46 - [TEST_STEP][PASSED] - click(findTestObject("Object Repository/pages/home_page/go_to_account")): Object: 'Object Repository/pages/home_page/go_to_account' is clicked on

09-02-2025T22:49:48 - [MESSAGE][PASSED] - Object: 'Object Repository/pages/home_page/go_to_account' is clicked on

09-02-2025T22:49:48 - [TEST_STEP][PASSED] - common.UtilKeyword.waitForPageLoadAndDelay(20, 3): common.UtilKeyword.waitForPageLoadAndDelay is PASSED

09-02-2025T22:49:48 - [MESSAGE][PASSED] - Wait for page load successfully

09-02-2025T22:49:51 - [MESSAGE][PASSED] - Delayed 3 second(s)

09-02-2025T22:49:51 - [MESSAGE][PASSED] - common.UtilKeyword.waitForPageLoadAndDelay is PASSED

09-02-2025T22:49:51 - [TEST_STEP][PASSED] - scrollToElement(findTestObject("Object Repository/common/a/a_text", ["text":"Thông tin tài khoản"]), 10): Scroll to object 'Object Repository/common/a/a_text' successfully

09-02-2025T22:49:51 - [MESSAGE][PASSED] - Scroll to object 'Object Repository/common/a/a_text' successfully

09-02-2025T22:49:51 - [TEST_STEP][PASSED] - delay(2): Delayed 2 second(s)

09-02-2025T22:49:53 - [MESSAGE][PASSED] - Delayed 2 second(s)

09-02-2025T22:49:53 - [TEST_STEP][PASSED] - click(findTestObject("Object Repository/common/a/a_text", ["text":"Sổ địa chỉ"])): Object: 'Object Repository/common/a/a_text' is clicked on

09-02-2025T22:49:53 - [MESSAGE][PASSED] - Object: 'Object Repository/common/a/a_text' is clicked on

09-02-2025T22:49:53 - [TEST_STEP][PASSED] - delay(2): Delayed 2 second(s)

09-02-2025T22:49:55 - [MESSAGE][PASSED] - Delayed 2 second(s)

09-02-2025T22:49:55 - [TEST_STEP][PASSED] - scrollToElement(findTestObject("Object Repository/common/button/button_contains_text", ["text":"Cập nhật"]), 10): Scroll to object 'Object Repository/common/button/button_contains_text' successfully

09-02-2025T22:49:55 - [MESSAGE][PASSED] - Scroll to object 'Object Repository/common/button/button_contains_text' successfully

09-02-2025T22:49:55 - [TEST_STEP][PASSED] - click(findTestObject("Object Repository/common/button/button_contains_text", ["text":"Cập nhật"])): Object: 'Object Repository/common/button/button_contains_text' is clicked on

09-02-2025T22:49:55 - [MESSAGE][PASSED] - Object: 'Object Repository/common/button/button_contains_text' is clicked on

09-02-2025T22:49:55 - [TEST_STEP][PASSED] - waitForElementVisible(findTestObject("Object Repository/common/div/div_class", ["class":"address-book-form"]), 10): Object 'Object Repository/common/div/div_class' is visible

09-02-2025T22:49:55 - [MESSAGE][PASSED] - Object 'Object Repository/common/div/div_class' is visible

09-02-2025T22:49:55 - [TEST_STEP][PASSED] - setText(findTestObject("Object Repository/common/input/input_name", ["name":"address"]), suggestedAddress): Text 'Phường 4, Thành phố Cà Mau' is set on object 'Object Repository/common/input/input_name'

09-02-2025T22:49:55 - [MESSAGE][PASSED] - Text 'Phường 4, Thành phố Cà Mau' is set on object 'Object Repository/common/input/input_name'

09-02-2025T22:49:55 - [TEST_STEP][PASSED] - delay(5): Delayed 5 second(s)

09-02-2025T22:50:01 - [MESSAGE][PASSED] - Delayed 5 second(s)

09-02-2025T22:50:01 - [TEST_STEP][PASSED] - click(findTestObject("Object Repository/common/div/div_text", ["text":updatedAddress])): Object: 'Object Repository/common/div/div_text' is clicked on

09-02-2025T22:50:01 - [MESSAGE][PASSED] - Object: 'Object Repository/common/div/div_text' is clicked on

09-02-2025T22:50:01 - [TEST_STEP][PASSED] - delay(3): Delayed 3 second(s)

09-02-2025T22:50:04 - [MESSAGE][PASSED] - Delayed 3 second(s)

09-02-2025T22:50:04 - [TEST_STEP][PASSED] - click(findTestObject("Object Repository/common/span/span_contains_text", ["text":"Lưu"])): Object: 'Object Repository/common/span/span_contains_text' is clicked on

09-02-2025T22:50:04 - [MESSAGE][PASSED] - Object: 'Object Repository/common/span/span_contains_text' is clicked on

09-02-2025T22:50:04 - [TEST_STEP][PASSED] - common.UtilKeyword.handleToastMessage("Cập nhật địa chỉ thành công!", 10): common.UtilKeyword.handleToastMessage is PASSED

09-02-2025T22:50:04 - [MESSAGE][PASSED] - Object 'Object Repository/common/div/div_class_contains_class' is visible

09-02-2025T22:50:04 - [MESSAGE][PASSED] - Text of object 'Object Repository/common/div/div_class_contains_class' is: 'Cập nhật địa chỉ thành công!'

09-02-2025T22:50:04 - [MESSAGE][INFO] - Hanlde Toast Message successfully: Cập nhật địa chỉ thành công!

09-02-2025T22:50:04 - [MESSAGE][PASSED] - common.UtilKeyword.handleToastMessage is PASSED

09-02-2025T22:50:04 - [TEST_STEP][PASSED] - common.UtilKeyword.takeScreenShot("update_address_successfully"): common.UtilKeyword.takeScreenShot is PASSED

09-02-2025T22:50:04 - [MESSAGE][PASSED] - Taking screenshot successfully
[[ATTACHMENT|C:\Users\BaoNguyen\OneDrive\Máy tính\Draft Repo On Github\Draft\Katalon Projects\Coolmate Test\Screenshots\Test Suites\COOLMATE-005\TS001-Address Book\TC002\update_address_successfully_09022025 225004.png]]

09-02-2025T22:50:04 - [MESSAGE][PASSED] - common.UtilKeyword.takeScreenShot is PASSED

09-02-2025T22:50:04 - [TEST_STEP][PASSED] - closeBrowser(): Browser is closed

09-02-2025T22:50:06 - [MESSAGE][PASSED] - Browser is closed]]></system-out>
         <system-err><![CDATA[]]></system-err>
      </testcase>
      <testcase name="Test Cases/COOLMATE-005/TC003-Delete address" time="115.696" classname="Test Cases/COOLMATE-005/TC003-Delete address" status="PASSED">
         <system-out><![CDATA[09-02-2025T22:50:06 - [TEST_CASE][PASSED] - Test Cases/COOLMATE-005/TC003-Delete address: Test Cases/COOLMATE-005/TC003-Delete address

09-02-2025T22:50:06 - [TEST_STEP][PASSED] - Start listener action : beforeTestCase: null

09-02-2025T22:50:06 - [TEST_STEP][PASSED] - testCaseName = split("/").last(): null

09-02-2025T22:50:06 - [TEST_STEP][PASSED] - Start setup action : setupTestCase: Method 'setupTestCase' complete successfully

09-02-2025T22:50:06 - [TEST_STEP][PASSED] - common.UtilKeyword.openURLAndAuthenticate(username_bao, password_bao): common.UtilKeyword.openURLAndAuthenticate is PASSED

09-02-2025T22:50:10 - [MESSAGE][PASSED] - Wait for page load successfully

09-02-2025T22:50:11 - [MESSAGE][PASSED] - Current window maximized

09-02-2025T22:50:14 - [MESSAGE][PASSED] - Delayed 3 second(s)

09-02-2025T22:50:20 - [MESSAGE][INFO] - Unable to find the element located by 'By.xpath: //*[contains(@class,"popup")]/div//button'. Please recheck the objects properties to make sure the desired element is located. 

09-02-2025T22:50:20 - [MESSAGE][WARNING] - Web element with id: 'Object Repository/pages/home_page/ads_close_button' located by '//*[contains(@class,"popup")]/div//button' not found

09-02-2025T22:50:20 - [MESSAGE][PASSED] - Object: 'Object Repository/common/icon/user_icon' is clicked on

09-02-2025T22:50:22 - [MESSAGE][PASSED] - Delayed 2 second(s)

09-02-2025T22:50:22 - [MESSAGE][PASSED] - Keys 'baob2012178@student.ctu.edu.vn' sent to object: 'Object Repository/common/div/div_id_with_input_name'

09-02-2025T22:50:24 - [MESSAGE][PASSED] - Delayed 2 second(s)

09-02-2025T22:50:24 - [MESSAGE][PASSED] - Text ****** has been set on object 'Object Repository/common/div/div_id_with_input_name'

09-02-2025T22:50:26 - [MESSAGE][PASSED] - Delayed 2 second(s)

09-02-2025T22:50:26 - [MESSAGE][PASSED] - Object: 'Object Repository/common/button/button_class' is clicked on

09-02-2025T22:50:26 - [MESSAGE][PASSED] - Wait for page load successfully

09-02-2025T22:50:28 - [MESSAGE][PASSED] - Delayed 2 second(s)

09-02-2025T22:50:29 - [MESSAGE][PASSED] - Object 'Object Repository/component/close_popup_button' is visible

09-02-2025T22:50:31 - [MESSAGE][PASSED] - Delayed 2 second(s)

09-02-2025T22:50:31 - [MESSAGE][PASSED] - Object: 'Object Repository/component/close_popup_button' is clicked on

09-02-2025T22:50:33 - [MESSAGE][PASSED] - Delayed 2 second(s)

09-02-2025T22:50:44 - [MESSAGE][WARNING] - Object 'Object Repository/pages/home_page/ads_close_button' is not visible after 10 second(s)

09-02-2025T22:50:54 - [MESSAGE][WARNING] - Object 'Object Repository/component/close_popup_button' is not visible after 10 second(s)

09-02-2025T22:50:54 - [MESSAGE][PASSED] - common.UtilKeyword.openURLAndAuthenticate is PASSED

09-02-2025T22:50:54 - [MESSAGE][PASSED] - Method 'setupTestCase' complete successfully

09-02-2025T22:50:54 - [TEST_STEP][PASSED] - common.UtilKeyword.openURLAndAuthenticate(username_bao, password_bao): common.UtilKeyword.openURLAndAuthenticate is PASSED

09-02-2025T22:51:00 - [MESSAGE][PASSED] - Wait for page load successfully

09-02-2025T22:51:00 - [MESSAGE][PASSED] - Current window maximized

09-02-2025T22:51:03 - [MESSAGE][PASSED] - Delayed 3 second(s)

09-02-2025T22:51:09 - [MESSAGE][INFO] - Unable to find the element located by 'By.xpath: //*[contains(@class,"popup")]/div//button'. Please recheck the objects properties to make sure the desired element is located. 

09-02-2025T22:51:09 - [MESSAGE][WARNING] - Web element with id: 'Object Repository/pages/home_page/ads_close_button' located by '//*[contains(@class,"popup")]/div//button' not found

09-02-2025T22:51:10 - [MESSAGE][PASSED] - Object: 'Object Repository/common/icon/user_icon' is clicked on

09-02-2025T22:51:12 - [MESSAGE][PASSED] - Delayed 2 second(s)

09-02-2025T22:51:13 - [MESSAGE][PASSED] - Keys 'baob2012178@student.ctu.edu.vn' sent to object: 'Object Repository/common/div/div_id_with_input_name'

09-02-2025T22:51:15 - [MESSAGE][PASSED] - Delayed 2 second(s)

09-02-2025T22:51:15 - [MESSAGE][PASSED] - Text ****** has been set on object 'Object Repository/common/div/div_id_with_input_name'

09-02-2025T22:51:17 - [MESSAGE][PASSED] - Delayed 2 second(s)

09-02-2025T22:51:17 - [MESSAGE][PASSED] - Object: 'Object Repository/common/button/button_class' is clicked on

09-02-2025T22:51:17 - [MESSAGE][PASSED] - Wait for page load successfully

09-02-2025T22:51:19 - [MESSAGE][PASSED] - Delayed 2 second(s)

09-02-2025T22:51:20 - [MESSAGE][PASSED] - Object 'Object Repository/component/close_popup_button' is visible

09-02-2025T22:51:22 - [MESSAGE][PASSED] - Delayed 2 second(s)

09-02-2025T22:51:22 - [MESSAGE][PASSED] - Object: 'Object Repository/component/close_popup_button' is clicked on

09-02-2025T22:51:24 - [MESSAGE][PASSED] - Delayed 2 second(s)

09-02-2025T22:51:35 - [MESSAGE][WARNING] - Object 'Object Repository/pages/home_page/ads_close_button' is not visible after 10 second(s)

09-02-2025T22:51:45 - [MESSAGE][WARNING] - Object 'Object Repository/component/close_popup_button' is not visible after 10 second(s)

09-02-2025T22:51:45 - [MESSAGE][PASSED] - common.UtilKeyword.openURLAndAuthenticate is PASSED

09-02-2025T22:51:45 - [TEST_STEP][PASSED] - enhancedClick(findTestObject("Object Repository/common/icon/user_icon")): Object: 'Object Repository/common/icon/user_icon' is clicked on

09-02-2025T22:51:45 - [MESSAGE][PASSED] - Object: 'Object Repository/common/icon/user_icon' is clicked on

09-02-2025T22:51:45 - [TEST_STEP][PASSED] - delay(2): Delayed 2 second(s)

09-02-2025T22:51:47 - [MESSAGE][PASSED] - Delayed 2 second(s)

09-02-2025T22:51:47 - [TEST_STEP][PASSED] - verifyElementPresent(findTestObject("Object Repository/pages/home_page/go_to_account"), 10): Object 'Object Repository/pages/home_page/go_to_account' is present

09-02-2025T22:51:47 - [MESSAGE][PASSED] - Object 'Object Repository/pages/home_page/go_to_account' is present

09-02-2025T22:51:47 - [TEST_STEP][PASSED] - click(findTestObject("Object Repository/pages/home_page/go_to_account")): Object: 'Object Repository/pages/home_page/go_to_account' is clicked on

09-02-2025T22:51:49 - [MESSAGE][PASSED] - Object: 'Object Repository/pages/home_page/go_to_account' is clicked on

09-02-2025T22:51:49 - [TEST_STEP][PASSED] - common.UtilKeyword.waitForPageLoadAndDelay(20, 3): common.UtilKeyword.waitForPageLoadAndDelay is PASSED

09-02-2025T22:51:49 - [MESSAGE][PASSED] - Wait for page load successfully

09-02-2025T22:51:52 - [MESSAGE][PASSED] - Delayed 3 second(s)

09-02-2025T22:51:52 - [MESSAGE][PASSED] - common.UtilKeyword.waitForPageLoadAndDelay is PASSED

09-02-2025T22:51:52 - [TEST_STEP][PASSED] - scrollToElement(findTestObject("Object Repository/common/a/a_text", ["text":"Thông tin tài khoản"]), 10): Scroll to object 'Object Repository/common/a/a_text' successfully

09-02-2025T22:51:52 - [MESSAGE][PASSED] - Scroll to object 'Object Repository/common/a/a_text' successfully

09-02-2025T22:51:52 - [TEST_STEP][PASSED] - delay(2): Delayed 2 second(s)

09-02-2025T22:51:54 - [MESSAGE][PASSED] - Delayed 2 second(s)

09-02-2025T22:51:54 - [TEST_STEP][PASSED] - click(findTestObject("Object Repository/common/a/a_text", ["text":"Sổ địa chỉ"])): Object: 'Object Repository/common/a/a_text' is clicked on

09-02-2025T22:51:54 - [MESSAGE][PASSED] - Object: 'Object Repository/common/a/a_text' is clicked on

09-02-2025T22:51:54 - [TEST_STEP][PASSED] - delay(5): Delayed 5 second(s)

09-02-2025T22:51:59 - [MESSAGE][PASSED] - Delayed 5 second(s)

09-02-2025T22:51:59 - [TEST_STEP][PASSED] - scrollToElement(findTestObject("Object Repository/common/button/button_contains_text", ["text":"Xóa"]), 10): Scroll to object 'Object Repository/common/button/button_contains_text' successfully

09-02-2025T22:51:59 - [MESSAGE][PASSED] - Scroll to object 'Object Repository/common/button/button_contains_text' successfully

09-02-2025T22:51:59 - [TEST_STEP][PASSED] - click(findTestObject("Object Repository/common/button/button_contains_text", ["text":"Xóa"])): Object: 'Object Repository/common/button/button_contains_text' is clicked on

09-02-2025T22:52:00 - [MESSAGE][PASSED] - Object: 'Object Repository/common/button/button_contains_text' is clicked on

09-02-2025T22:52:00 - [TEST_STEP][PASSED] - common.UtilKeyword.handleToastMessage("Xoá địa chỉ thành công!", 10): common.UtilKeyword.handleToastMessage is PASSED

09-02-2025T22:52:01 - [MESSAGE][PASSED] - Object 'Object Repository/common/div/div_class_contains_class' is visible

09-02-2025T22:52:01 - [MESSAGE][PASSED] - Text of object 'Object Repository/common/div/div_class_contains_class' is: 'Xoá địa chỉ thành công!'

09-02-2025T22:52:01 - [MESSAGE][INFO] - Hanlde Toast Message successfully: Xoá địa chỉ thành công!

09-02-2025T22:52:01 - [MESSAGE][PASSED] - common.UtilKeyword.handleToastMessage is PASSED

09-02-2025T22:52:01 - [TEST_STEP][PASSED] - common.UtilKeyword.takeScreenShot("delete_address_successfully"): common.UtilKeyword.takeScreenShot is PASSED

09-02-2025T22:52:01 - [MESSAGE][PASSED] - Taking screenshot successfully
[[ATTACHMENT|C:\Users\BaoNguyen\OneDrive\Máy tính\Draft Repo On Github\Draft\Katalon Projects\Coolmate Test\Screenshots\Test Suites\COOLMATE-005\TS001-Address Book\TC003\delete_address_successfully_09022025 225201.png]]

09-02-2025T22:52:01 - [MESSAGE][PASSED] - common.UtilKeyword.takeScreenShot is PASSED

09-02-2025T22:52:01 - [TEST_STEP][PASSED] - closeBrowser(): Browser is closed

09-02-2025T22:52:01 - [MESSAGE][PASSED] - Browser is closed]]></system-out>
         <system-err><![CDATA[]]></system-err>
      </testcase>
      <system-out><![CDATA[09-02-2025T22:47:37 - [TEST_SUITE][PASSED] - TS001-Address Book: Test Cases/COOLMATE-005/TC003-Delete address]]></system-out>
      <system-err><![CDATA[]]></system-err>
   </testsuite>
</testsuites>
